<?xml version="1.0" encoding="UTF-8"?>
<coverage generated="1724669796157" clover="3.2.0">
  <project timestamp="1724669796157" name="All files">
    <metrics statements="10" coveredstatements="8" conditionals="1" coveredconditionals="1" methods="2" coveredmethods="1" elements="13" coveredelements="10" complexity="0" loc="10" ncloc="10" packages="1" files="1" classes="1"/>
    <file name="index.ts" path="/Users/yukiarai/Documents/programming_practice/nuxt3-unit-test-sample/src/utils/index.ts">
      <metrics statements="10" coveredstatements="8" conditionals="1" coveredconditionals="1" methods="2" coveredmethods="1"/>
      <line num="1" count="1" type="cond" truecount="1" falsecount="0"/>
      <line num="2" count="1" type="stmt"/>
      <line num="3" count="1" type="stmt"/>
      <line num="4" count="1" type="stmt"/>
      <line num="5" count="1" type="stmt"/>
      <line num="6" count="1" type="stmt"/>
      <line num="7" count="1" type="stmt"/>
      <line num="15" count="1" type="stmt"/>
      <line num="16" count="0" type="stmt"/>
      <line num="17" count="0" type="stmt"/>
    </file>
  </project>
</coverage>
