{"/Users/yukiarai/Documents/programming_practice/nuxt3-unit-test-sample/src/composables/useLoading.ts": {"path":"/Users/yukiarai/Documents/programming_practice/nuxt3-unit-test-sample/src/composables/useLoading.ts","all":false,"statementMap":{"0":{"start":{"line":1,"column":0},"end":{"line":1,"column":33}},"1":{"start":{"line":2,"column":0},"end":{"line":2,"column":55}},"3":{"start":{"line":4,"column":0},"end":{"line":4,"column":27}},"4":{"start":{"line":5,"column":0},"end":{"line":5,"column":27}},"5":{"start":{"line":6,"column":0},"end":{"line":6,"column":4}},"7":{"start":{"line":8,"column":0},"end":{"line":8,"column":28}},"8":{"start":{"line":9,"column":0},"end":{"line":9,"column":28}},"9":{"start":{"line":10,"column":0},"end":{"line":10,"column":4}},"11":{"start":{"line":12,"column":0},"end":{"line":12,"column":10}},"12":{"start":{"line":13,"column":0},"end":{"line":13,"column":35}},"13":{"start":{"line":14,"column":0},"end":{"line":14,"column":14}},"14":{"start":{"line":15,"column":0},"end":{"line":15,"column":15}},"15":{"start":{"line":16,"column":0},"end":{"line":16,"column":4}},"16":{"start":{"line":17,"column":0},"end":{"line":17,"column":2}}},"s":{"0":1,"1":3,"3":3,"4":2,"5":2,"7":3,"8":1,"9":1,"11":3,"12":3,"13":3,"14":3,"15":3,"16":3},"branchMap":{"0":{"type":"branch","line":1,"loc":{"start":{"line":1,"column":26},"end":{"line":17,"column":2}},"locations":[{"start":{"line":1,"column":26},"end":{"line":17,"column":2}}]},"1":{"type":"branch","line":2,"loc":{"start":{"line":2,"column":42},"end":{"line":2,"column":53}},"locations":[{"start":{"line":2,"column":42},"end":{"line":2,"column":53}}]},"2":{"type":"branch","line":4,"loc":{"start":{"line":4,"column":20},"end":{"line":6,"column":4}},"locations":[{"start":{"line":4,"column":20},"end":{"line":6,"column":4}}]},"3":{"type":"branch","line":8,"loc":{"start":{"line":8,"column":21},"end":{"line":10,"column":4}},"locations":[{"start":{"line":8,"column":21},"end":{"line":10,"column":4}}]}},"b":{"0":[3],"1":[1],"2":[2],"3":[1]},"fnMap":{"0":{"name":"useLoading","decl":{"start":{"line":1,"column":26},"end":{"line":17,"column":2}},"loc":{"start":{"line":1,"column":26},"end":{"line":17,"column":2}},"line":1},"1":{"name":"onLoading","decl":{"start":{"line":4,"column":20},"end":{"line":6,"column":4}},"loc":{"start":{"line":4,"column":20},"end":{"line":6,"column":4}},"line":4},"2":{"name":"offLoading","decl":{"start":{"line":8,"column":21},"end":{"line":10,"column":4}},"loc":{"start":{"line":8,"column":21},"end":{"line":10,"column":4}},"line":8}},"f":{"0":3,"1":2,"2":1}}
,"/Users/yukiarai/Documents/programming_practice/nuxt3-unit-test-sample/src/utils/index.ts": {"path":"/Users/yukiarai/Documents/programming_practice/nuxt3-unit-test-sample/src/utils/index.ts","all":false,"statementMap":{"0":{"start":{"line":1,"column":0},"end":{"line":1,"column":73}},"1":{"start":{"line":2,"column":0},"end":{"line":2,"column":36}},"2":{"start":{"line":3,"column":0},"end":{"line":3,"column":40}},"3":{"start":{"line":4,"column":0},"end":{"line":4,"column":60}},"4":{"start":{"line":5,"column":0},"end":{"line":5,"column":37}},"5":{"start":{"line":6,"column":0},"end":{"line":6,"column":14}},"6":{"start":{"line":7,"column":0},"end":{"line":7,"column":2}},"14":{"start":{"line":15,"column":0},"end":{"line":15,"column":46}},"15":{"start":{"line":16,"column":0},"end":{"line":16,"column":15}},"16":{"start":{"line":17,"column":0},"end":{"line":17,"column":2}}},"s":{"0":1,"1":1,"2":1,"3":1,"4":1,"5":1,"6":1,"14":1,"15":0,"16":0},"branchMap":{"0":{"type":"branch","line":1,"loc":{"start":{"line":1,"column":27},"end":{"line":7,"column":2}},"locations":[{"start":{"line":1,"column":27},"end":{"line":7,"column":2}}]}},"b":{"0":[1]},"fnMap":{"0":{"name":"fetchHelper","decl":{"start":{"line":1,"column":27},"end":{"line":7,"column":2}},"loc":{"start":{"line":1,"column":27},"end":{"line":7,"column":2}},"line":1},"1":{"name":"add","decl":{"start":{"line":15,"column":19},"end":{"line":17,"column":2}},"loc":{"start":{"line":15,"column":19},"end":{"line":17,"column":2}},"line":15}},"f":{"0":1,"1":0}}
}
