{"/Users/yukiarai/Documents/programming_practice/nuxt3-unit-test-sample/src/utils/index.ts": {"path":"/Users/yukiarai/Documents/programming_practice/nuxt3-unit-test-sample/src/utils/index.ts","all":false,"statementMap":{"0":{"start":{"line":1,"column":0},"end":{"line":1,"column":73}},"1":{"start":{"line":2,"column":0},"end":{"line":2,"column":36}},"2":{"start":{"line":3,"column":0},"end":{"line":3,"column":40}},"3":{"start":{"line":4,"column":0},"end":{"line":4,"column":60}},"4":{"start":{"line":5,"column":0},"end":{"line":5,"column":37}},"5":{"start":{"line":6,"column":0},"end":{"line":6,"column":14}},"6":{"start":{"line":7,"column":0},"end":{"line":7,"column":2}},"14":{"start":{"line":15,"column":0},"end":{"line":15,"column":46}},"15":{"start":{"line":16,"column":0},"end":{"line":16,"column":15}},"16":{"start":{"line":17,"column":0},"end":{"line":17,"column":2}}},"s":{"0":1,"1":1,"2":1,"3":1,"4":1,"5":1,"6":1,"14":1,"15":0,"16":0},"branchMap":{"0":{"type":"branch","line":1,"loc":{"start":{"line":1,"column":27},"end":{"line":7,"column":2}},"locations":[{"start":{"line":1,"column":27},"end":{"line":7,"column":2}}]}},"b":{"0":[1]},"fnMap":{"0":{"name":"fetchHelper","decl":{"start":{"line":1,"column":27},"end":{"line":7,"column":2}},"loc":{"start":{"line":1,"column":27},"end":{"line":7,"column":2}},"line":1},"1":{"name":"add","decl":{"start":{"line":15,"column":19},"end":{"line":17,"column":2}},"loc":{"start":{"line":15,"column":19},"end":{"line":17,"column":2}},"line":15}},"f":{"0":1,"1":0}}
}
